{"level":30,"time":1721397383833,"pid":78282,"hostname":"raichuu.local","name":"direct-js","p1":"WebSocket opened.","p2":"","p3":"","p4":"","p5":""}
{"level":30,"time":1721397384654,"pid":78282,"hostname":"raichuu.local","name":"Hubot","msg":"/Users/ukigaishion/Desktop/４年/分散情報システム/MyIroiroBot/scripts/ping.js is using deprecated documentation syntax"}
{"level":30,"time":1721397384685,"pid":78282,"hostname":"raichuu.local","name":"Hubot","msg":"hubot-redis-brain: Discovered redis from REDIS_URL environment variable"}
{"level":50,"time":1721399185042,"pid":78282,"hostname":"raichuu.local","name":"direct-js","p1":"WebSocket error. event:","p2":{"errno":-54,"code":"ECONNRESET","syscall":"read"},"p3":"","p4":"","p5":""}
{"level":30,"time":1721399185053,"pid":78282,"hostname":"raichuu.local","name":"direct-js","p1":"WebSocket closed. 1006 Socket Error: read ECONNRESET null","p2":"","p3":"","p4":"","p5":""}
{"level":30,"time":1721399185054,"pid":78282,"hostname":"raichuu.local","name":"direct-js","p1":"onClose. code:1006, reason:Socket Error: read ECONNRESET, wasClean:null","p2":"","p3":"","p4":"","p5":""}
{"level":30,"time":1721399185785,"pid":78282,"hostname":"raichuu.local","name":"direct-js","p1":"WebSocket opened.","p2":"","p3":"","p4":"","p5":""}
{"level":50,"time":1721400104869,"pid":78282,"hostname":"raichuu.local","name":"direct-js","p1":"WebSocket error. event:","p2":{"errno":-54,"code":"ECONNRESET","syscall":"read"},"p3":"","p4":"","p5":""}
{"level":30,"time":1721400104872,"pid":78282,"hostname":"raichuu.local","name":"direct-js","p1":"WebSocket closed. 1006 Socket Error: read ECONNRESET null","p2":"","p3":"","p4":"","p5":""}
{"level":30,"time":1721400104872,"pid":78282,"hostname":"raichuu.local","name":"direct-js","p1":"onClose. code:1006, reason:Socket Error: read ECONNRESET, wasClean:null","p2":"","p3":"","p4":"","p5":""}
{"level":30,"time":1721400105503,"pid":78282,"hostname":"raichuu.local","name":"direct-js","p1":"WebSocket opened.","p2":"","p3":"","p4":"","p5":""}
{"level":50,"time":1721401106712,"pid":78282,"hostname":"raichuu.local","name":"direct-js","p1":"WebSocket error. event:","p2":{"errno":-54,"code":"ECONNRESET","syscall":"read"},"p3":"","p4":"","p5":""}
{"level":30,"time":1721401106712,"pid":78282,"hostname":"raichuu.local","name":"direct-js","p1":"WebSocket closed. 1006 Socket Error: read ECONNRESET null","p2":"","p3":"","p4":"","p5":""}
{"level":30,"time":1721401106712,"pid":78282,"hostname":"raichuu.local","name":"direct-js","p1":"onClose. code:1006, reason:Socket Error: read ECONNRESET, wasClean:null","p2":"","p3":"","p4":"","p5":""}
{"level":30,"time":1721401107342,"pid":78282,"hostname":"raichuu.local","name":"direct-js","p1":"WebSocket opened.","p2":"","p3":"","p4":"","p5":""}
{"level":50,"time":1721402061692,"pid":78282,"hostname":"raichuu.local","name":"direct-js","p1":"WebSocket error. event:","p2":{"errno":-54,"code":"ECONNRESET","syscall":"read"},"p3":"","p4":"","p5":""}
{"level":30,"time":1721402061695,"pid":78282,"hostname":"raichuu.local","name":"direct-js","p1":"WebSocket closed. 1006 Socket Error: read ECONNRESET null","p2":"","p3":"","p4":"","p5":""}
{"level":30,"time":1721402061695,"pid":78282,"hostname":"raichuu.local","name":"direct-js","p1":"onClose. code:1006, reason:Socket Error: read ECONNRESET, wasClean:null","p2":"","p3":"","p4":"","p5":""}
{"level":30,"time":1721402062326,"pid":78282,"hostname":"raichuu.local","name":"direct-js","p1":"WebSocket opened.","p2":"","p3":"","p4":"","p5":""}
{"level":50,"time":1721403130391,"pid":78282,"hostname":"raichuu.local","name":"Hubot","msg":"Error: Redis connection in broken state: connection timeout exceeded.\n    at RedisClient.connection_gone (/Users/ukigaishion/Desktop/４年/分散情報システム/MyIroiroBot/node_modules/redis/index.js:588:19)\n    at RedisClient.on_error (/Users/ukigaishion/Desktop/４年/分散情報システム/MyIroiroBot/node_modules/redis/index.js:346:10)\n    at Socket.<anonymous> (/Users/ukigaishion/Desktop/４年/分散情報システム/MyIroiroBot/node_modules/redis/index.js:223:14)\n    at Socket.emit (node:events:513:28)\n    at emitErrorNT (node:internal/streams/destroy:157:8)\n    at emitErrorCloseNT (node:internal/streams/destroy:122:3)\n    at processTicksAndRejections (node:internal/process/task_queues:83:21)\n"}
{"level":50,"time":1721403130728,"pid":78282,"hostname":"raichuu.local","name":"direct-js","p1":"WebSocket error. event:","p2":{"errno":-54,"code":"ECONNRESET","syscall":"read"},"p3":"","p4":"","p5":""}
{"level":30,"time":1721403130730,"pid":78282,"hostname":"raichuu.local","name":"direct-js","p1":"WebSocket closed. 1006 Socket Error: read ECONNRESET null","p2":"","p3":"","p4":"","p5":""}
{"level":30,"time":1721403130730,"pid":78282,"hostname":"raichuu.local","name":"direct-js","p1":"onClose. code:1006, reason:Socket Error: read ECONNRESET, wasClean:null","p2":"","p3":"","p4":"","p5":""}
{"level":30,"time":1721403131370,"pid":78282,"hostname":"raichuu.local","name":"direct-js","p1":"WebSocket opened.","p2":"","p3":"","p4":"","p5":""}
{"level":50,"time":1721404125630,"pid":78282,"hostname":"raichuu.local","name":"direct-js","p1":"WebSocket error. event:","p2":{"errno":-54,"code":"ECONNRESET","syscall":"read"},"p3":"","p4":"","p5":""}
{"level":30,"time":1721404125631,"pid":78282,"hostname":"raichuu.local","name":"direct-js","p1":"WebSocket closed. 1006 Socket Error: read ECONNRESET null","p2":"","p3":"","p4":"","p5":""}
{"level":30,"time":1721404125632,"pid":78282,"hostname":"raichuu.local","name":"direct-js","p1":"onClose. code:1006, reason:Socket Error: read ECONNRESET, wasClean:null","p2":"","p3":"","p4":"","p5":""}
{"level":30,"time":1721404126246,"pid":78282,"hostname":"raichuu.local","name":"direct-js","p1":"WebSocket opened.","p2":"","p3":"","p4":"","p5":""}
{"level":50,"time":1721405115598,"pid":78282,"hostname":"raichuu.local","name":"direct-js","p1":"WebSocket error. event:","p2":{"errno":-54,"code":"ECONNRESET","syscall":"read"},"p3":"","p4":"","p5":""}
{"level":30,"time":1721405115598,"pid":78282,"hostname":"raichuu.local","name":"direct-js","p1":"WebSocket closed. 1006 Socket Error: read ECONNRESET null","p2":"","p3":"","p4":"","p5":""}
{"level":30,"time":1721405115598,"pid":78282,"hostname":"raichuu.local","name":"direct-js","p1":"onClose. code:1006, reason:Socket Error: read ECONNRESET, wasClean:null","p2":"","p3":"","p4":"","p5":""}
{"level":30,"time":1721405116247,"pid":78282,"hostname":"raichuu.local","name":"direct-js","p1":"WebSocket opened.","p2":"","p3":"","p4":"","p5":""}
{"level":50,"time":1721405480539,"pid":78282,"hostname":"raichuu.local","name":"direct-js","p1":"WebSocket error. event:","p2":{"errno":-54,"code":"ECONNRESET","syscall":"read"},"p3":"","p4":"","p5":""}
{"level":30,"time":1721405480539,"pid":78282,"hostname":"raichuu.local","name":"direct-js","p1":"WebSocket closed. 1006 Socket Error: read ECONNRESET null","p2":"","p3":"","p4":"","p5":""}
{"level":30,"time":1721405480539,"pid":78282,"hostname":"raichuu.local","name":"direct-js","p1":"onClose. code:1006, reason:Socket Error: read ECONNRESET, wasClean:null","p2":"","p3":"","p4":"","p5":""}
{"level":30,"time":1721405481187,"pid":78282,"hostname":"raichuu.local","name":"direct-js","p1":"WebSocket opened.","p2":"","p3":"","p4":"","p5":""}
{"level":50,"time":1721406539604,"pid":78282,"hostname":"raichuu.local","name":"direct-js","p1":"WebSocket error. event:","p2":{"errno":-54,"code":"ECONNRESET","syscall":"read"},"p3":"","p4":"","p5":""}
{"level":30,"time":1721406539606,"pid":78282,"hostname":"raichuu.local","name":"direct-js","p1":"WebSocket closed. 1006 Socket Error: read ECONNRESET null","p2":"","p3":"","p4":"","p5":""}
{"level":30,"time":1721406539606,"pid":78282,"hostname":"raichuu.local","name":"direct-js","p1":"onClose. code:1006, reason:Socket Error: read ECONNRESET, wasClean:null","p2":"","p3":"","p4":"","p5":""}
{"level":30,"time":1721406540247,"pid":78282,"hostname":"raichuu.local","name":"direct-js","p1":"WebSocket opened.","p2":"","p3":"","p4":"","p5":""}
{"level":50,"time":1721407459641,"pid":78282,"hostname":"raichuu.local","name":"direct-js","p1":"WebSocket error. event:","p2":{"errno":-54,"code":"ECONNRESET","syscall":"read"},"p3":"","p4":"","p5":""}
{"level":30,"time":1721407459642,"pid":78282,"hostname":"raichuu.local","name":"direct-js","p1":"WebSocket closed. 1006 Socket Error: read ECONNRESET null","p2":"","p3":"","p4":"","p5":""}
{"level":30,"time":1721407459642,"pid":78282,"hostname":"raichuu.local","name":"direct-js","p1":"onClose. code:1006, reason:Socket Error: read ECONNRESET, wasClean:null","p2":"","p3":"","p4":"","p5":""}
{"level":30,"time":1721407460317,"pid":78282,"hostname":"raichuu.local","name":"direct-js","p1":"WebSocket opened.","p2":"","p3":"","p4":"","p5":""}
{"level":50,"time":1721408487586,"pid":78282,"hostname":"raichuu.local","name":"direct-js","p1":"WebSocket error. event:","p2":{"errno":-54,"code":"ECONNRESET","syscall":"read"},"p3":"","p4":"","p5":""}
{"level":30,"time":1721408487588,"pid":78282,"hostname":"raichuu.local","name":"direct-js","p1":"WebSocket closed. 1006 Socket Error: read ECONNRESET null","p2":"","p3":"","p4":"","p5":""}
{"level":30,"time":1721408487588,"pid":78282,"hostname":"raichuu.local","name":"direct-js","p1":"onClose. code:1006, reason:Socket Error: read ECONNRESET, wasClean:null","p2":"","p3":"","p4":"","p5":""}
{"level":30,"time":1721408488229,"pid":78282,"hostname":"raichuu.local","name":"direct-js","p1":"WebSocket opened.","p2":"","p3":"","p4":"","p5":""}
{"level":50,"time":1721409518412,"pid":78282,"hostname":"raichuu.local","name":"direct-js","p1":"WebSocket error. event:","p2":{"errno":-54,"code":"ECONNRESET","syscall":"read"},"p3":"","p4":"","p5":""}
{"level":30,"time":1721409518412,"pid":78282,"hostname":"raichuu.local","name":"direct-js","p1":"WebSocket closed. 1006 Socket Error: read ECONNRESET null","p2":"","p3":"","p4":"","p5":""}
{"level":30,"time":1721409518413,"pid":78282,"hostname":"raichuu.local","name":"direct-js","p1":"onClose. code:1006, reason:Socket Error: read ECONNRESET, wasClean:null","p2":"","p3":"","p4":"","p5":""}
{"level":30,"time":1721409519058,"pid":78282,"hostname":"raichuu.local","name":"direct-js","p1":"WebSocket opened.","p2":"","p3":"","p4":"","p5":""}
{"level":50,"time":1721410532473,"pid":78282,"hostname":"raichuu.local","name":"direct-js","p1":"WebSocket error. event:","p2":{"errno":-54,"code":"ECONNRESET","syscall":"read"},"p3":"","p4":"","p5":""}
{"level":30,"time":1721410532473,"pid":78282,"hostname":"raichuu.local","name":"direct-js","p1":"WebSocket closed. 1006 Socket Error: read ECONNRESET null","p2":"","p3":"","p4":"","p5":""}
{"level":30,"time":1721410532473,"pid":78282,"hostname":"raichuu.local","name":"direct-js","p1":"onClose. code:1006, reason:Socket Error: read ECONNRESET, wasClean:null","p2":"","p3":"","p4":"","p5":""}
{"level":30,"time":1721410533041,"pid":78282,"hostname":"raichuu.local","name":"direct-js","p1":"WebSocket opened.","p2":"","p3":"","p4":"","p5":""}
{"level":50,"time":1721411483283,"pid":78282,"hostname":"raichuu.local","name":"direct-js","p1":"WebSocket error. event:","p2":{"errno":-54,"code":"ECONNRESET","syscall":"read"},"p3":"","p4":"","p5":""}
{"level":30,"time":1721411483283,"pid":78282,"hostname":"raichuu.local","name":"direct-js","p1":"WebSocket closed. 1006 Socket Error: read ECONNRESET null","p2":"","p3":"","p4":"","p5":""}
{"level":30,"time":1721411483283,"pid":78282,"hostname":"raichuu.local","name":"direct-js","p1":"onClose. code:1006, reason:Socket Error: read ECONNRESET, wasClean:null","p2":"","p3":"","p4":"","p5":""}
{"level":30,"time":1721411483910,"pid":78282,"hostname":"raichuu.local","name":"direct-js","p1":"WebSocket opened.","p2":"","p3":"","p4":"","p5":""}
{"level":50,"time":1721412392240,"pid":78282,"hostname":"raichuu.local","name":"direct-js","p1":"WebSocket error. event:","p2":{"errno":-54,"code":"ECONNRESET","syscall":"read"},"p3":"","p4":"","p5":""}
{"level":30,"time":1721412392241,"pid":78282,"hostname":"raichuu.local","name":"direct-js","p1":"WebSocket closed. 1006 Socket Error: read ECONNRESET null","p2":"","p3":"","p4":"","p5":""}
{"level":30,"time":1721412392241,"pid":78282,"hostname":"raichuu.local","name":"direct-js","p1":"onClose. code:1006, reason:Socket Error: read ECONNRESET, wasClean:null","p2":"","p3":"","p4":"","p5":""}
{"level":30,"time":1721412392882,"pid":78282,"hostname":"raichuu.local","name":"direct-js","p1":"WebSocket opened.","p2":"","p3":"","p4":"","p5":""}
{"level":50,"time":1721413335202,"pid":78282,"hostname":"raichuu.local","name":"direct-js","p1":"WebSocket error. event:","p2":{"errno":-54,"code":"ECONNRESET","syscall":"read"},"p3":"","p4":"","p5":""}
{"level":30,"time":1721413335202,"pid":78282,"hostname":"raichuu.local","name":"direct-js","p1":"WebSocket closed. 1006 Socket Error: read ECONNRESET null","p2":"","p3":"","p4":"","p5":""}
{"level":30,"time":1721413335202,"pid":78282,"hostname":"raichuu.local","name":"direct-js","p1":"onClose. code:1006, reason:Socket Error: read ECONNRESET, wasClean:null","p2":"","p3":"","p4":"","p5":""}
{"level":30,"time":1721413335818,"pid":78282,"hostname":"raichuu.local","name":"direct-js","p1":"WebSocket opened.","p2":"","p3":"","p4":"","p5":""}
{"level":50,"time":1721414294223,"pid":78282,"hostname":"raichuu.local","name":"direct-js","p1":"WebSocket error. event:","p2":{"errno":-54,"code":"ECONNRESET","syscall":"read"},"p3":"","p4":"","p5":""}
{"level":30,"time":1721414294224,"pid":78282,"hostname":"raichuu.local","name":"direct-js","p1":"WebSocket closed. 1006 Socket Error: read ECONNRESET null","p2":"","p3":"","p4":"","p5":""}
{"level":30,"time":1721414294224,"pid":78282,"hostname":"raichuu.local","name":"direct-js","p1":"onClose. code:1006, reason:Socket Error: read ECONNRESET, wasClean:null","p2":"","p3":"","p4":"","p5":""}
{"level":30,"time":1721414294846,"pid":78282,"hostname":"raichuu.local","name":"direct-js","p1":"WebSocket opened.","p2":"","p3":"","p4":"","p5":""}
{"level":50,"time":1721415333280,"pid":78282,"hostname":"raichuu.local","name":"direct-js","p1":"WebSocket error. event:","p2":{"errno":-54,"code":"ECONNRESET","syscall":"read"},"p3":"","p4":"","p5":""}
{"level":30,"time":1721415333281,"pid":78282,"hostname":"raichuu.local","name":"direct-js","p1":"WebSocket closed. 1006 Socket Error: read ECONNRESET null","p2":"","p3":"","p4":"","p5":""}
{"level":30,"time":1721415333281,"pid":78282,"hostname":"raichuu.local","name":"direct-js","p1":"onClose. code:1006, reason:Socket Error: read ECONNRESET, wasClean:null","p2":"","p3":"","p4":"","p5":""}
{"level":30,"time":1721415333928,"pid":78282,"hostname":"raichuu.local","name":"direct-js","p1":"WebSocket opened.","p2":"","p3":"","p4":"","p5":""}
{"level":50,"time":1721416254190,"pid":78282,"hostname":"raichuu.local","name":"direct-js","p1":"WebSocket error. event:","p2":{"errno":-54,"code":"ECONNRESET","syscall":"read"},"p3":"","p4":"","p5":""}
{"level":30,"time":1721416254190,"pid":78282,"hostname":"raichuu.local","name":"direct-js","p1":"WebSocket closed. 1006 Socket Error: read ECONNRESET null","p2":"","p3":"","p4":"","p5":""}
{"level":30,"time":1721416254190,"pid":78282,"hostname":"raichuu.local","name":"direct-js","p1":"onClose. code:1006, reason:Socket Error: read ECONNRESET, wasClean:null","p2":"","p3":"","p4":"","p5":""}
{"level":30,"time":1721416254827,"pid":78282,"hostname":"raichuu.local","name":"direct-js","p1":"WebSocket opened.","p2":"","p3":"","p4":"","p5":""}
{"level":50,"time":1721417244205,"pid":78282,"hostname":"raichuu.local","name":"direct-js","p1":"WebSocket error. event:","p2":{"errno":-54,"code":"ECONNRESET","syscall":"read"},"p3":"","p4":"","p5":""}
{"level":30,"time":1721417244206,"pid":78282,"hostname":"raichuu.local","name":"direct-js","p1":"WebSocket closed. 1006 Socket Error: read ECONNRESET null","p2":"","p3":"","p4":"","p5":""}
{"level":30,"time":1721417244206,"pid":78282,"hostname":"raichuu.local","name":"direct-js","p1":"onClose. code:1006, reason:Socket Error: read ECONNRESET, wasClean:null","p2":"","p3":"","p4":"","p5":""}
{"level":30,"time":1721417244831,"pid":78282,"hostname":"raichuu.local","name":"direct-js","p1":"WebSocket opened.","p2":"","p3":"","p4":"","p5":""}
{"level":50,"time":1721418210053,"pid":78282,"hostname":"raichuu.local","name":"direct-js","p1":"WebSocket error. event:","p2":{"errno":-54,"code":"ECONNRESET","syscall":"read"},"p3":"","p4":"","p5":""}
{"level":30,"time":1721418210054,"pid":78282,"hostname":"raichuu.local","name":"direct-js","p1":"WebSocket closed. 1006 Socket Error: read ECONNRESET null","p2":"","p3":"","p4":"","p5":""}
{"level":30,"time":1721418210054,"pid":78282,"hostname":"raichuu.local","name":"direct-js","p1":"onClose. code:1006, reason:Socket Error: read ECONNRESET, wasClean:null","p2":"","p3":"","p4":"","p5":""}
{"level":30,"time":1721418210675,"pid":78282,"hostname":"raichuu.local","name":"direct-js","p1":"WebSocket opened.","p2":"","p3":"","p4":"","p5":""}
{"level":50,"time":1721419194167,"pid":78282,"hostname":"raichuu.local","name":"direct-js","p1":"WebSocket error. event:","p2":{"errno":-54,"code":"ECONNRESET","syscall":"read"},"p3":"","p4":"","p5":""}
{"level":30,"time":1721419194170,"pid":78282,"hostname":"raichuu.local","name":"direct-js","p1":"WebSocket closed. 1006 Socket Error: read ECONNRESET null","p2":"","p3":"","p4":"","p5":""}
{"level":30,"time":1721419194170,"pid":78282,"hostname":"raichuu.local","name":"direct-js","p1":"onClose. code:1006, reason:Socket Error: read ECONNRESET, wasClean:null","p2":"","p3":"","p4":"","p5":""}
{"level":30,"time":1721419194807,"pid":78282,"hostname":"raichuu.local","name":"direct-js","p1":"WebSocket opened.","p2":"","p3":"","p4":"","p5":""}
{"level":50,"time":1721419700062,"pid":78282,"hostname":"raichuu.local","name":"direct-js","p1":"WebSocket error. event:","p2":{"errno":-54,"code":"ECONNRESET","syscall":"read"},"p3":"","p4":"","p5":""}
{"level":30,"time":1721419700063,"pid":78282,"hostname":"raichuu.local","name":"direct-js","p1":"WebSocket closed. 1006 Socket Error: read ECONNRESET null","p2":"","p3":"","p4":"","p5":""}
{"level":30,"time":1721419700063,"pid":78282,"hostname":"raichuu.local","name":"direct-js","p1":"onClose. code:1006, reason:Socket Error: read ECONNRESET, wasClean:null","p2":"","p3":"","p4":"","p5":""}
{"level":30,"time":1721419700714,"pid":78282,"hostname":"raichuu.local","name":"direct-js","p1":"WebSocket opened.","p2":"","p3":"","p4":"","p5":""}
{"level":50,"time":1721420735038,"pid":78282,"hostname":"raichuu.local","name":"direct-js","p1":"WebSocket error. event:","p2":{"errno":-54,"code":"ECONNRESET","syscall":"read"},"p3":"","p4":"","p5":""}
{"level":30,"time":1721420735039,"pid":78282,"hostname":"raichuu.local","name":"direct-js","p1":"WebSocket closed. 1006 Socket Error: read ECONNRESET null","p2":"","p3":"","p4":"","p5":""}
{"level":30,"time":1721420735039,"pid":78282,"hostname":"raichuu.local","name":"direct-js","p1":"onClose. code:1006, reason:Socket Error: read ECONNRESET, wasClean:null","p2":"","p3":"","p4":"","p5":""}
{"level":30,"time":1721420735661,"pid":78282,"hostname":"raichuu.local","name":"direct-js","p1":"WebSocket opened.","p2":"","p3":"","p4":"","p5":""}
{"level":50,"time":1721421707949,"pid":78282,"hostname":"raichuu.local","name":"direct-js","p1":"WebSocket error. event:","p2":{"errno":-54,"code":"ECONNRESET","syscall":"read"},"p3":"","p4":"","p5":""}
{"level":30,"time":1721421707950,"pid":78282,"hostname":"raichuu.local","name":"direct-js","p1":"WebSocket closed. 1006 Socket Error: read ECONNRESET null","p2":"","p3":"","p4":"","p5":""}
{"level":30,"time":1721421707950,"pid":78282,"hostname":"raichuu.local","name":"direct-js","p1":"onClose. code:1006, reason:Socket Error: read ECONNRESET, wasClean:null","p2":"","p3":"","p4":"","p5":""}
{"level":30,"time":1721421708566,"pid":78282,"hostname":"raichuu.local","name":"direct-js","p1":"WebSocket opened.","p2":"","p3":"","p4":"","p5":""}
{"level":50,"time":1721422675886,"pid":78282,"hostname":"raichuu.local","name":"direct-js","p1":"WebSocket error. event:","p2":{"errno":-54,"code":"ECONNRESET","syscall":"read"},"p3":"","p4":"","p5":""}
{"level":30,"time":1721422675887,"pid":78282,"hostname":"raichuu.local","name":"direct-js","p1":"WebSocket closed. 1006 Socket Error: read ECONNRESET null","p2":"","p3":"","p4":"","p5":""}
{"level":30,"time":1721422675888,"pid":78282,"hostname":"raichuu.local","name":"direct-js","p1":"onClose. code:1006, reason:Socket Error: read ECONNRESET, wasClean:null","p2":"","p3":"","p4":"","p5":""}
{"level":30,"time":1721422676554,"pid":78282,"hostname":"raichuu.local","name":"direct-js","p1":"WebSocket opened.","p2":"","p3":"","p4":"","p5":""}
{"level":50,"time":1721423680931,"pid":78282,"hostname":"raichuu.local","name":"direct-js","p1":"WebSocket error. event:","p2":{"errno":-54,"code":"ECONNRESET","syscall":"read"},"p3":"","p4":"","p5":""}
{"level":30,"time":1721423680933,"pid":78282,"hostname":"raichuu.local","name":"direct-js","p1":"WebSocket closed. 1006 Socket Error: read ECONNRESET null","p2":"","p3":"","p4":"","p5":""}
{"level":30,"time":1721423680933,"pid":78282,"hostname":"raichuu.local","name":"direct-js","p1":"onClose. code:1006, reason:Socket Error: read ECONNRESET, wasClean:null","p2":"","p3":"","p4":"","p5":""}
{"level":30,"time":1721423681573,"pid":78282,"hostname":"raichuu.local","name":"direct-js","p1":"WebSocket opened.","p2":"","p3":"","p4":"","p5":""}
{"level":50,"time":1721424653819,"pid":78282,"hostname":"raichuu.local","name":"direct-js","p1":"WebSocket error. event:","p2":{"errno":-54,"code":"ECONNRESET","syscall":"read"},"p3":"","p4":"","p5":""}
{"level":30,"time":1721424653820,"pid":78282,"hostname":"raichuu.local","name":"direct-js","p1":"WebSocket closed. 1006 Socket Error: read ECONNRESET null","p2":"","p3":"","p4":"","p5":""}
{"level":30,"time":1721424653820,"pid":78282,"hostname":"raichuu.local","name":"direct-js","p1":"onClose. code:1006, reason:Socket Error: read ECONNRESET, wasClean:null","p2":"","p3":"","p4":"","p5":""}
{"level":30,"time":1721424654453,"pid":78282,"hostname":"raichuu.local","name":"direct-js","p1":"WebSocket opened.","p2":"","p3":"","p4":"","p5":""}
{"level":50,"time":1721425595742,"pid":78282,"hostname":"raichuu.local","name":"direct-js","p1":"WebSocket error. event:","p2":{"errno":-54,"code":"ECONNRESET","syscall":"read"},"p3":"","p4":"","p5":""}
{"level":30,"time":1721425595743,"pid":78282,"hostname":"raichuu.local","name":"direct-js","p1":"WebSocket closed. 1006 Socket Error: read ECONNRESET null","p2":"","p3":"","p4":"","p5":""}
{"level":30,"time":1721425595744,"pid":78282,"hostname":"raichuu.local","name":"direct-js","p1":"onClose. code:1006, reason:Socket Error: read ECONNRESET, wasClean:null","p2":"","p3":"","p4":"","p5":""}
{"level":30,"time":1721425596392,"pid":78282,"hostname":"raichuu.local","name":"direct-js","p1":"WebSocket opened.","p2":"","p3":"","p4":"","p5":""}
{"level":50,"time":1721426643705,"pid":78282,"hostname":"raichuu.local","name":"direct-js","p1":"WebSocket error. event:","p2":{"errno":-54,"code":"ECONNRESET","syscall":"read"},"p3":"","p4":"","p5":""}
{"level":30,"time":1721426643706,"pid":78282,"hostname":"raichuu.local","name":"direct-js","p1":"WebSocket closed. 1006 Socket Error: read ECONNRESET null","p2":"","p3":"","p4":"","p5":""}
{"level":30,"time":1721426643706,"pid":78282,"hostname":"raichuu.local","name":"direct-js","p1":"onClose. code:1006, reason:Socket Error: read ECONNRESET, wasClean:null","p2":"","p3":"","p4":"","p5":""}
{"level":30,"time":1721426644347,"pid":78282,"hostname":"raichuu.local","name":"direct-js","p1":"WebSocket opened.","p2":"","p3":"","p4":"","p5":""}
{"level":50,"time":1721426959692,"pid":78282,"hostname":"raichuu.local","name":"direct-js","p1":"WebSocket error. event:","p2":{"errno":-54,"code":"ECONNRESET","syscall":"read"},"p3":"","p4":"","p5":""}
{"level":30,"time":1721426959693,"pid":78282,"hostname":"raichuu.local","name":"direct-js","p1":"WebSocket closed. 1006 Socket Error: read ECONNRESET null","p2":"","p3":"","p4":"","p5":""}
{"level":30,"time":1721426959693,"pid":78282,"hostname":"raichuu.local","name":"direct-js","p1":"onClose. code:1006, reason:Socket Error: read ECONNRESET, wasClean:null","p2":"","p3":"","p4":"","p5":""}
{"level":30,"time":1721426960325,"pid":78282,"hostname":"raichuu.local","name":"direct-js","p1":"WebSocket opened.","p2":"","p3":"","p4":"","p5":""}
{"level":50,"time":1721428032698,"pid":78282,"hostname":"raichuu.local","name":"direct-js","p1":"WebSocket error. event:","p2":{"errno":-54,"code":"ECONNRESET","syscall":"read"},"p3":"","p4":"","p5":""}
{"level":30,"time":1721428032699,"pid":78282,"hostname":"raichuu.local","name":"direct-js","p1":"WebSocket closed. 1006 Socket Error: read ECONNRESET null","p2":"","p3":"","p4":"","p5":""}
{"level":30,"time":1721428032699,"pid":78282,"hostname":"raichuu.local","name":"direct-js","p1":"onClose. code:1006, reason:Socket Error: read ECONNRESET, wasClean:null","p2":"","p3":"","p4":"","p5":""}
{"level":30,"time":1721428033317,"pid":78282,"hostname":"raichuu.local","name":"direct-js","p1":"WebSocket opened.","p2":"","p3":"","p4":"","p5":""}
{"level":50,"time":1721428945766,"pid":78282,"hostname":"raichuu.local","name":"direct-js","p1":"WebSocket error. event:","p2":{"errno":-54,"code":"ECONNRESET","syscall":"read"},"p3":"","p4":"","p5":""}
{"level":30,"time":1721428945773,"pid":78282,"hostname":"raichuu.local","name":"direct-js","p1":"WebSocket closed. 1006 Socket Error: read ECONNRESET null","p2":"","p3":"","p4":"","p5":""}
{"level":30,"time":1721428945774,"pid":78282,"hostname":"raichuu.local","name":"direct-js","p1":"onClose. code:1006, reason:Socket Error: read ECONNRESET, wasClean:null","p2":"","p3":"","p4":"","p5":""}
{"level":30,"time":1721428946436,"pid":78282,"hostname":"raichuu.local","name":"direct-js","p1":"WebSocket opened.","p2":"","p3":"","p4":"","p5":""}
{"level":50,"time":1721430000692,"pid":78282,"hostname":"raichuu.local","name":"direct-js","p1":"WebSocket error. event:","p2":{"errno":-54,"code":"ECONNRESET","syscall":"read"},"p3":"","p4":"","p5":""}
{"level":30,"time":1721430000693,"pid":78282,"hostname":"raichuu.local","name":"direct-js","p1":"WebSocket closed. 1006 Socket Error: read ECONNRESET null","p2":"","p3":"","p4":"","p5":""}
{"level":30,"time":1721430000693,"pid":78282,"hostname":"raichuu.local","name":"direct-js","p1":"onClose. code:1006, reason:Socket Error: read ECONNRESET, wasClean:null","p2":"","p3":"","p4":"","p5":""}
{"level":30,"time":1721430001451,"pid":78282,"hostname":"raichuu.local","name":"direct-js","p1":"WebSocket opened.","p2":"","p3":"","p4":"","p5":""}
{"level":50,"time":1721430619565,"pid":78282,"hostname":"raichuu.local","name":"direct-js","p1":"WebSocket error. event:","p2":{"errno":-54,"code":"ECONNRESET","syscall":"read"},"p3":"","p4":"","p5":""}
{"level":30,"time":1721430619566,"pid":78282,"hostname":"raichuu.local","name":"direct-js","p1":"WebSocket closed. 1006 Socket Error: read ECONNRESET null","p2":"","p3":"","p4":"","p5":""}
{"level":30,"time":1721430619566,"pid":78282,"hostname":"raichuu.local","name":"direct-js","p1":"onClose. code:1006, reason:Socket Error: read ECONNRESET, wasClean:null","p2":"","p3":"","p4":"","p5":""}
{"level":30,"time":1721430620194,"pid":78282,"hostname":"raichuu.local","name":"direct-js","p1":"WebSocket opened.","p2":"","p3":"","p4":"","p5":""}
{"level":50,"time":1721431637591,"pid":78282,"hostname":"raichuu.local","name":"direct-js","p1":"WebSocket error. event:","p2":{"errno":-54,"code":"ECONNRESET","syscall":"read"},"p3":"","p4":"","p5":""}
{"level":30,"time":1721431637592,"pid":78282,"hostname":"raichuu.local","name":"direct-js","p1":"WebSocket closed. 1006 Socket Error: read ECONNRESET null","p2":"","p3":"","p4":"","p5":""}
{"level":30,"time":1721431637592,"pid":78282,"hostname":"raichuu.local","name":"direct-js","p1":"onClose. code:1006, reason:Socket Error: read ECONNRESET, wasClean:null","p2":"","p3":"","p4":"","p5":""}
{"level":30,"time":1721431638173,"pid":78282,"hostname":"raichuu.local","name":"direct-js","p1":"WebSocket opened.","p2":"","p3":"","p4":"","p5":""}
{"level":50,"time":1721432567461,"pid":78282,"hostname":"raichuu.local","name":"direct-js","p1":"WebSocket error. event:","p2":{"errno":-54,"code":"ECONNRESET","syscall":"read"},"p3":"","p4":"","p5":""}
{"level":30,"time":1721432567462,"pid":78282,"hostname":"raichuu.local","name":"direct-js","p1":"WebSocket closed. 1006 Socket Error: read ECONNRESET null","p2":"","p3":"","p4":"","p5":""}
{"level":30,"time":1721432567462,"pid":78282,"hostname":"raichuu.local","name":"direct-js","p1":"onClose. code:1006, reason:Socket Error: read ECONNRESET, wasClean:null","p2":"","p3":"","p4":"","p5":""}
{"level":30,"time":1721432568086,"pid":78282,"hostname":"raichuu.local","name":"direct-js","p1":"WebSocket opened.","p2":"","p3":"","p4":"","p5":""}
{"level":50,"time":1721433519047,"pid":78282,"hostname":"raichuu.local","name":"direct-js","p1":"WebSocket error. event:","p2":{"errno":-54,"code":"ECONNRESET","syscall":"read"},"p3":"","p4":"","p5":""}
{"level":30,"time":1721433519049,"pid":78282,"hostname":"raichuu.local","name":"direct-js","p1":"WebSocket closed. 1006 Socket Error: read ECONNRESET null","p2":"","p3":"","p4":"","p5":""}
{"level":30,"time":1721433519049,"pid":78282,"hostname":"raichuu.local","name":"direct-js","p1":"onClose. code:1006, reason:Socket Error: read ECONNRESET, wasClean:null","p2":"","p3":"","p4":"","p5":""}
{"level":30,"time":1721433519710,"pid":78282,"hostname":"raichuu.local","name":"direct-js","p1":"WebSocket opened.","p2":"","p3":"","p4":"","p5":""}
{"level":30,"time":1721433787694,"pid":79234,"hostname":"raichuu.local","name":"direct-js","p1":"WebSocket opened.","p2":"","p3":"","p4":"","p5":""}
{"level":30,"time":1721433787853,"pid":79234,"hostname":"raichuu.local","name":"Hubot","msg":"/Users/ukigaishion/Desktop/４年/分散情報システム/MyIroiroBot/scripts/ping.js is using deprecated documentation syntax"}
{"level":30,"time":1721433787886,"pid":79234,"hostname":"raichuu.local","name":"Hubot","msg":"hubot-redis-brain: Discovered redis from REDIS_URL environment variable"}
{"level":30,"time":1721433881270,"pid":79252,"hostname":"raichuu.local","name":"direct-js","p1":"WebSocket opened.","p2":"","p3":"","p4":"","p5":""}
{"level":30,"time":1721433886222,"pid":79263,"hostname":"raichuu.local","name":"direct-js","p1":"WebSocket opened.","p2":"","p3":"","p4":"","p5":""}
{"level":30,"time":1721433886377,"pid":79263,"hostname":"raichuu.local","name":"Hubot","msg":"/Users/ukigaishion/Desktop/４年/分散情報システム/MyIroiroBot/scripts/ping.js is using deprecated documentation syntax"}
{"level":30,"time":1721433886412,"pid":79263,"hostname":"raichuu.local","name":"Hubot","msg":"hubot-redis-brain: Discovered redis from REDIS_URL environment variable"}
{"level":30,"time":1721433929406,"pid":79297,"hostname":"raichuu.local","name":"direct-js","p1":"WebSocket opened.","p2":"","p3":"","p4":"","p5":""}
{"level":30,"time":1721433929646,"pid":79297,"hostname":"raichuu.local","name":"Hubot","msg":"/Users/ukigaishion/Desktop/４年/分散情報システム/MyIroiroBot/scripts/ping.js is using deprecated documentation syntax"}
{"level":30,"time":1721433929675,"pid":79297,"hostname":"raichuu.local","name":"Hubot","msg":"hubot-redis-brain: Discovered redis from REDIS_URL environment variable"}
{"level":30,"time":1721433994147,"pid":79319,"hostname":"raichuu.local","name":"direct-js","p1":"WebSocket opened.","p2":"","p3":"","p4":"","p5":""}
{"level":30,"time":1721433994217,"pid":79319,"hostname":"raichuu.local","name":"Hubot","msg":"/Users/ukigaishion/Desktop/４年/分散情報システム/MyIroiroBot/scripts/ping.js is using deprecated documentation syntax"}
{"level":30,"time":1721433994242,"pid":79319,"hostname":"raichuu.local","name":"Hubot","msg":"hubot-redis-brain: Discovered redis from REDIS_URL environment variable"}
{"level":30,"time":1721434096693,"pid":79339,"hostname":"raichuu.local","name":"direct-js","p1":"WebSocket opened.","p2":"","p3":"","p4":"","p5":""}
{"level":30,"time":1721434096843,"pid":79339,"hostname":"raichuu.local","name":"Hubot","msg":"/Users/ukigaishion/Desktop/４年/分散情報システム/MyIroiroBot/scripts/ping.js is using deprecated documentation syntax"}
{"level":30,"time":1721434096874,"pid":79339,"hostname":"raichuu.local","name":"Hubot","msg":"hubot-redis-brain: Discovered redis from REDIS_URL environment variable"}
{"level":30,"time":1721436223066,"pid":79682,"hostname":"raichuu.local","name":"direct-js","p1":"WebSocket opened.","p2":"","p3":"","p4":"","p5":""}
{"level":30,"time":1721436223293,"pid":79682,"hostname":"raichuu.local","name":"Hubot","msg":"/Users/ukigaishion/Desktop/４年/分散情報システム/MyIroiroBot/scripts/ping.js is using deprecated documentation syntax"}
{"level":30,"time":1721436223325,"pid":79682,"hostname":"raichuu.local","name":"Hubot","msg":"hubot-redis-brain: Discovered redis from REDIS_URL environment variable"}
{"level":30,"time":1721436464656,"pid":79730,"hostname":"raichuu.local","name":"direct-js","p1":"WebSocket opened.","p2":"","p3":"","p4":"","p5":""}
{"level":30,"time":1721436464748,"pid":79730,"hostname":"raichuu.local","name":"Hubot","msg":"/Users/ukigaishion/Desktop/４年/分散情報システム/MyIroiroBot/scripts/ping.js is using deprecated documentation syntax"}
{"level":30,"time":1721436464782,"pid":79730,"hostname":"raichuu.local","name":"Hubot","msg":"hubot-redis-brain: Discovered redis from REDIS_URL environment variable"}
{"level":30,"time":1721436539292,"pid":79747,"hostname":"raichuu.local","name":"direct-js","p1":"WebSocket opened.","p2":"","p3":"","p4":"","p5":""}
{"level":30,"time":1721436539358,"pid":79747,"hostname":"raichuu.local","name":"Hubot","msg":"/Users/ukigaishion/Desktop/４年/分散情報システム/MyIroiroBot/scripts/ping.js is using deprecated documentation syntax"}
{"level":30,"time":1721436539379,"pid":79747,"hostname":"raichuu.local","name":"Hubot","msg":"hubot-redis-brain: Discovered redis from REDIS_URL environment variable"}
{"level":30,"time":1721436742838,"pid":79772,"hostname":"raichuu.local","name":"direct-js","p1":"WebSocket opened.","p2":"","p3":"","p4":"","p5":""}
{"level":30,"time":1721436742997,"pid":79772,"hostname":"raichuu.local","name":"Hubot","msg":"/Users/ukigaishion/Desktop/４年/分散情報システム/MyIroiroBot/scripts/ping.js is using deprecated documentation syntax"}
{"level":30,"time":1721436743026,"pid":79772,"hostname":"raichuu.local","name":"Hubot","msg":"hubot-redis-brain: Discovered redis from REDIS_URL environment variable"}
{"level":30,"time":1721438160854,"pid":80029,"hostname":"raichuu.local","name":"direct-js","p1":"WebSocket opened.","p2":"","p3":"","p4":"","p5":""}
{"level":30,"time":1721438173430,"pid":80042,"hostname":"raichuu.local","name":"direct-js","p1":"WebSocket opened.","p2":"","p3":"","p4":"","p5":""}
{"level":50,"time":1721438173505,"pid":80042,"hostname":"raichuu.local","name":"Hubot","msg":"Unable to load /Users/ukigaishion/Desktop/４年/分散情報システム/MyIroiroBot/scripts/ping: /Users/ukigaishion/Desktop/４年/分散情報システム/MyIroiroBot/scripts/ping.js:52\n    });\n     ^\n\nSyntaxError: missing ) after argument list\n    at Object.compileFunction (node:vm:360:18)\n    at wrapSafe (node:internal/modules/cjs/loader:1126:15)\n    at Module._compile (node:internal/modules/cjs/loader:1162:27)\n    at Object.Module._extensions..js (node:internal/modules/cjs/loader:1252:10)\n    at Module.load (/Users/ukigaishion/Desktop/４年/分散情報システム/MyIroiroBot/node_modules/coffeescript/lib/coffeescript/register.js:68:36)\n    at Function.Module._load (node:internal/modules/cjs/loader:911:12)\n    at Module.require (node:internal/modules/cjs/loader:1100:19)\n    at require (node:internal/modules/cjs/helpers:119:18)\n    at Robot.loadFile (/Users/ukigaishion/Desktop/４年/分散情報システム/MyIroiroBot/node_modules/lisb-hubot/src/robot.js:381:22)\n    at /Users/ukigaishion/Desktop/４年/分散情報システム/MyIroiroBot/node_modules/lisb-hubot/src/robot.js:404:52\n    at Array.map (<anonymous>:null:null)\n    at Robot.load (/Users/ukigaishion/Desktop/４年/分散情報システム/MyIroiroBot/node_modules/lisb-hubot/src/robot.js:404:35)\n    at Direct.loadScripts (/Users/ukigaishion/Desktop/４年/分散情報システム/MyIroiroBot/node_modules/lisb-hubot/bin/hubot.js:103:9)\n    at Object.onceWrapper (node:events:627:28)\n    at Direct.emit (node:events:513:28)\n    at l.<anonymous> (/Users/ukigaishion/Desktop/４年/分散情報システム/MyIroiroBot/node_modules/hubot-direct/src/direct.js:156:12)\n    at l.emit (node:events:513:28)\n    at e.DirectAPI.emit (/Users/ukigaishion/Desktop/４年/分散情報システム/MyIroiroBot/node_modules/direct-js/lib/direct-node.min.js:1:3226)\n    at ka.handleNotification (/Users/ukigaishion/Desktop/４年/分散情報システム/MyIroiroBot/node_modules/direct-js/lib/direct-node.min.js:1:379591)\n    at n (/Users/ukigaishion/Desktop/４年/分散情報システム/MyIroiroBot/node_modules/direct-js/lib/direct-node.min.js:1:447183)\n    at Po.notifyObserver (/Users/ukigaishion/Desktop/４年/分散情報システム/MyIroiroBot/node_modules/direct-js/lib/direct-node.min.js:1:446913)\n    at Fo.notifyObservers (/Users/ukigaishion/Desktop/４年/分散情報システム/MyIroiroBot/node_modules/direct-js/lib/direct-node.min.js:1:444356)\n    at b.notifyObservers (/Users/ukigaishion/Desktop/４年/分散情報システム/MyIroiroBot/node_modules/direct-js/lib/direct-node.min.js:1:16423)\n    at b.sendNotification (/Users/ukigaishion/Desktop/４年/分散情報システム/MyIroiroBot/node_modules/direct-js/lib/direct-node.min.js:1:16336)\n    at sa.sendNotification (/Users/ukigaishion/Desktop/４年/分散情報システム/MyIroiroBot/node_modules/direct-js/lib/direct-node.min.js:1:37549)\n    at sa.onNecessaryDataPrepared (/Users/ukigaishion/Desktop/４年/分散情報システム/MyIroiroBot/node_modules/direct-js/lib/direct-node.min.js:1:346380)\n    at sa.prepareNecessaryDataFromCache (/Users/ukigaishion/Desktop/４年/分散情報システム/MyIroiroBot/node_modules/direct-js/lib/direct-node.min.js:1:345922)\n    at /Users/ukigaishion/Desktop/４年/分散情報システム/MyIroiroBot/node_modules/direct-js/lib/direct-node.min.js:1:344029\n    at processTicksAndRejections (node:internal/process/task_queues:96:5)\n"}
{"level":30,"time":1721438241473,"pid":80054,"hostname":"raichuu.local","name":"direct-js","p1":"WebSocket opened.","p2":"","p3":"","p4":"","p5":""}
{"level":30,"time":1721438242352,"pid":80054,"hostname":"raichuu.local","name":"Hubot","msg":"/Users/ukigaishion/Desktop/４年/分散情報システム/MyIroiroBot/scripts/ping.js is using deprecated documentation syntax"}
{"level":30,"time":1721438242387,"pid":80054,"hostname":"raichuu.local","name":"Hubot","msg":"hubot-redis-brain: Discovered redis from REDIS_URL environment variable"}
{"level":30,"time":1721438382293,"pid":80076,"hostname":"raichuu.local","name":"direct-js","p1":"WebSocket opened.","p2":"","p3":"","p4":"","p5":""}
{"level":30,"time":1721438382367,"pid":80076,"hostname":"raichuu.local","name":"Hubot","msg":"/Users/ukigaishion/Desktop/４年/分散情報システム/MyIroiroBot/scripts/ping.js is using deprecated documentation syntax"}
{"level":30,"time":1721438382393,"pid":80076,"hostname":"raichuu.local","name":"Hubot","msg":"hubot-redis-brain: Discovered redis from REDIS_URL environment variable"}
{"level":30,"time":1721438488838,"pid":80112,"hostname":"raichuu.local","name":"direct-js","p1":"WebSocket opened.","p2":"","p3":"","p4":"","p5":""}
{"level":30,"time":1721438488919,"pid":80112,"hostname":"raichuu.local","name":"Hubot","msg":"/Users/ukigaishion/Desktop/４年/分散情報システム/MyIroiroBot/scripts/ping.js is using deprecated documentation syntax"}
{"level":30,"time":1721438488947,"pid":80112,"hostname":"raichuu.local","name":"Hubot","msg":"hubot-redis-brain: Discovered redis from REDIS_URL environment variable"}
{"level":30,"time":1721439703159,"pid":81350,"hostname":"raichuu.local","name":"direct-js","p1":"WebSocket opened.","p2":"","p3":"","p4":"","p5":""}
{"level":30,"time":1721439703345,"pid":81350,"hostname":"raichuu.local","name":"Hubot","msg":"/Users/ukigaishion/Desktop/４年/分散情報システム/MyIroiroBot/scripts/ping.js is using deprecated documentation syntax"}
{"level":30,"time":1721439703374,"pid":81350,"hostname":"raichuu.local","name":"Hubot","msg":"hubot-redis-brain: Discovered redis from REDIS_URL environment variable"}
{"level":30,"time":1721440885134,"pid":81515,"hostname":"raichuu.local","name":"direct-js","p1":"WebSocket opened.","p2":"","p3":"","p4":"","p5":""}
{"level":30,"time":1721440885329,"pid":81515,"hostname":"raichuu.local","name":"Hubot","msg":"/Users/ukigaishion/Desktop/４年/分散情報システム/MyIroiroBot/scripts/ping.js is using deprecated documentation syntax"}
{"level":30,"time":1721440885364,"pid":81515,"hostname":"raichuu.local","name":"Hubot","msg":"hubot-redis-brain: Discovered redis from REDIS_URL environment variable"}
{"level":30,"time":1721440947303,"pid":81524,"hostname":"raichuu.local","name":"direct-js","p1":"WebSocket opened.","p2":"","p3":"","p4":"","p5":""}
{"level":30,"time":1721440948128,"pid":81524,"hostname":"raichuu.local","name":"Hubot","msg":"/Users/ukigaishion/Desktop/４年/分散情報システム/MyIroiroBot/scripts/ping.js is using deprecated documentation syntax"}
{"level":30,"time":1721440948169,"pid":81524,"hostname":"raichuu.local","name":"Hubot","msg":"hubot-redis-brain: Discovered redis from REDIS_URL environment variable"}
{"level":30,"time":1721441536937,"pid":81770,"hostname":"raichuu.local","name":"direct-js","p1":"WebSocket opened.","p2":"","p3":"","p4":"","p5":""}
{"level":30,"time":1721441537019,"pid":81770,"hostname":"raichuu.local","name":"Hubot","msg":"/Users/ukigaishion/Desktop/４年/分散情報システム/MyIroiroBot/scripts/ping.js is using deprecated documentation syntax"}
{"level":30,"time":1721441537046,"pid":81770,"hostname":"raichuu.local","name":"Hubot","msg":"hubot-redis-brain: Discovered redis from REDIS_URL environment variable"}
{"level":30,"time":1721441880725,"pid":81911,"hostname":"raichuu.local","name":"direct-js","p1":"WebSocket opened.","p2":"","p3":"","p4":"","p5":""}
{"level":30,"time":1721441880889,"pid":81911,"hostname":"raichuu.local","name":"Hubot","msg":"/Users/ukigaishion/Desktop/４年/分散情報システム/MyIroiroBot/scripts/ping.js is using deprecated documentation syntax"}
{"level":30,"time":1721441880918,"pid":81911,"hostname":"raichuu.local","name":"Hubot","msg":"hubot-redis-brain: Discovered redis from REDIS_URL environment variable"}
{"level":30,"time":1721441965221,"pid":81944,"hostname":"raichuu.local","name":"direct-js","p1":"WebSocket opened.","p2":"","p3":"","p4":"","p5":""}
{"level":30,"time":1721441965380,"pid":81944,"hostname":"raichuu.local","name":"Hubot","msg":"/Users/ukigaishion/Desktop/４年/分散情報システム/MyIroiroBot/scripts/ping.js is using deprecated documentation syntax"}
{"level":30,"time":1721441965410,"pid":81944,"hostname":"raichuu.local","name":"Hubot","msg":"hubot-redis-brain: Discovered redis from REDIS_URL environment variable"}
{"level":30,"time":1721442036500,"pid":81967,"hostname":"raichuu.local","name":"direct-js","p1":"WebSocket opened.","p2":"","p3":"","p4":"","p5":""}
{"level":30,"time":1721442036584,"pid":81967,"hostname":"raichuu.local","name":"Hubot","msg":"/Users/ukigaishion/Desktop/４年/分散情報システム/MyIroiroBot/scripts/ping.js is using deprecated documentation syntax"}
{"level":30,"time":1721442036612,"pid":81967,"hostname":"raichuu.local","name":"Hubot","msg":"hubot-redis-brain: Discovered redis from REDIS_URL environment variable"}
{"level":30,"time":1721442222234,"pid":81990,"hostname":"raichuu.local","name":"direct-js","p1":"WebSocket opened.","p2":"","p3":"","p4":"","p5":""}
{"level":30,"time":1721442222298,"pid":81990,"hostname":"raichuu.local","name":"Hubot","msg":"/Users/ukigaishion/Desktop/４年/分散情報システム/MyIroiroBot/scripts/ping.js is using deprecated documentation syntax"}
{"level":30,"time":1721442222314,"pid":81990,"hostname":"raichuu.local","name":"Hubot","msg":"hubot-redis-brain: Discovered redis from REDIS_URL environment variable"}
{"level":30,"time":1721442348250,"pid":82018,"hostname":"raichuu.local","name":"direct-js","p1":"WebSocket opened.","p2":"","p3":"","p4":"","p5":""}
{"level":30,"time":1721442348318,"pid":82018,"hostname":"raichuu.local","name":"Hubot","msg":"/Users/ukigaishion/Desktop/４年/分散情報システム/MyIroiroBot/scripts/ping.js is using deprecated documentation syntax"}
{"level":30,"time":1721442348346,"pid":82018,"hostname":"raichuu.local","name":"Hubot","msg":"hubot-redis-brain: Discovered redis from REDIS_URL environment variable"}
{"level":30,"time":1721443324456,"pid":82155,"hostname":"raichuu.local","name":"direct-js","p1":"WebSocket opened.","p2":"","p3":"","p4":"","p5":""}
{"level":30,"time":1721443324617,"pid":82155,"hostname":"raichuu.local","name":"Hubot","msg":"/Users/ukigaishion/Desktop/４年/分散情報システム/MyIroiroBot/scripts/ping.js is using deprecated documentation syntax"}
{"level":30,"time":1721443324648,"pid":82155,"hostname":"raichuu.local","name":"Hubot","msg":"hubot-redis-brain: Discovered redis from REDIS_URL environment variable"}
{"level":50,"time":1721443331046,"pid":82155,"hostname":"raichuu.local","name":"Hubot","msg":"TypeError: res.match[1].chartAt is not a function\n    at TextListener.callback (/Users/ukigaishion/Desktop/４年/分散情報システム/MyIroiroBot/scripts/ping.js:70:46)\n    at executeListener (/Users/ukigaishion/Desktop/４年/分散情報システム/MyIroiroBot/node_modules/lisb-hubot/src/listener.js:79:16)\n    at allDone (/Users/ukigaishion/Desktop/４年/分散情報システム/MyIroiroBot/node_modules/lisb-hubot/src/middleware.js:56:7)\n    at wrapper (/Users/ukigaishion/Desktop/４年/分散情報システム/MyIroiroBot/node_modules/lisb-hubot/node_modules/async/dist/async.js:273:20)\n    at /Users/ukigaishion/Desktop/４年/分散情報システム/MyIroiroBot/node_modules/lisb-hubot/node_modules/async/dist/async.js:1965:19\n    at wrapper (/Users/ukigaishion/Desktop/４年/分散情報システム/MyIroiroBot/node_modules/lisb-hubot/node_modules/async/dist/async.js:273:20)\n    at replenish (/Users/ukigaishion/Desktop/４年/分散情報システム/MyIroiroBot/node_modules/lisb-hubot/node_modules/async/dist/async.js:443:29)\n    at /Users/ukigaishion/Desktop/４年/分散情報システム/MyIroiroBot/node_modules/lisb-hubot/node_modules/async/dist/async.js:453:13\n    at eachOfLimit (/Users/ukigaishion/Desktop/４年/分散情報システム/MyIroiroBot/node_modules/lisb-hubot/node_modules/async/dist/async.js:479:36)\n    at awaitable (/Users/ukigaishion/Desktop/４年/分散情報システム/MyIroiroBot/node_modules/lisb-hubot/node_modules/async/dist/async.js:212:32)\n    at eachOfSeries (/Users/ukigaishion/Desktop/４年/分散情報システム/MyIroiroBot/node_modules/lisb-hubot/node_modules/async/dist/async.js:815:16)\n    at awaitable (/Users/ukigaishion/Desktop/４年/分散情報システム/MyIroiroBot/node_modules/lisb-hubot/node_modules/async/dist/async.js:212:32)\n    at reduce (/Users/ukigaishion/Desktop/４年/分散情報システム/MyIroiroBot/node_modules/lisb-hubot/node_modules/async/dist/async.js:1960:16)\n    at awaitable (/Users/ukigaishion/Desktop/４年/分散情報システム/MyIroiroBot/node_modules/lisb-hubot/node_modules/async/dist/async.js:212:32)\n    at processTicksAndRejections (node:internal/process/task_queues:78:11)\n"}
{"level":50,"time":1721443335177,"pid":82155,"hostname":"raichuu.local","name":"Hubot","msg":"TypeError: res.match[1].chartAt is not a function\n    at TextListener.callback (/Users/ukigaishion/Desktop/４年/分散情報システム/MyIroiroBot/scripts/ping.js:70:46)\n    at executeListener (/Users/ukigaishion/Desktop/４年/分散情報システム/MyIroiroBot/node_modules/lisb-hubot/src/listener.js:79:16)\n    at allDone (/Users/ukigaishion/Desktop/４年/分散情報システム/MyIroiroBot/node_modules/lisb-hubot/src/middleware.js:56:7)\n    at wrapper (/Users/ukigaishion/Desktop/４年/分散情報システム/MyIroiroBot/node_modules/lisb-hubot/node_modules/async/dist/async.js:273:20)\n    at /Users/ukigaishion/Desktop/４年/分散情報システム/MyIroiroBot/node_modules/lisb-hubot/node_modules/async/dist/async.js:1965:19\n    at wrapper (/Users/ukigaishion/Desktop/４年/分散情報システム/MyIroiroBot/node_modules/lisb-hubot/node_modules/async/dist/async.js:273:20)\n    at replenish (/Users/ukigaishion/Desktop/４年/分散情報システム/MyIroiroBot/node_modules/lisb-hubot/node_modules/async/dist/async.js:443:29)\n    at /Users/ukigaishion/Desktop/４年/分散情報システム/MyIroiroBot/node_modules/lisb-hubot/node_modules/async/dist/async.js:453:13\n    at eachOfLimit (/Users/ukigaishion/Desktop/４年/分散情報システム/MyIroiroBot/node_modules/lisb-hubot/node_modules/async/dist/async.js:479:36)\n    at awaitable (/Users/ukigaishion/Desktop/４年/分散情報システム/MyIroiroBot/node_modules/lisb-hubot/node_modules/async/dist/async.js:212:32)\n    at eachOfSeries (/Users/ukigaishion/Desktop/４年/分散情報システム/MyIroiroBot/node_modules/lisb-hubot/node_modules/async/dist/async.js:815:16)\n    at awaitable (/Users/ukigaishion/Desktop/４年/分散情報システム/MyIroiroBot/node_modules/lisb-hubot/node_modules/async/dist/async.js:212:32)\n    at reduce (/Users/ukigaishion/Desktop/４年/分散情報システム/MyIroiroBot/node_modules/lisb-hubot/node_modules/async/dist/async.js:1960:16)\n    at awaitable (/Users/ukigaishion/Desktop/４年/分散情報システム/MyIroiroBot/node_modules/lisb-hubot/node_modules/async/dist/async.js:212:32)\n    at processTicksAndRejections (node:internal/process/task_queues:78:11)\n"}
{"level":30,"time":1721443372846,"pid":82196,"hostname":"raichuu.local","name":"direct-js","p1":"WebSocket opened.","p2":"","p3":"","p4":"","p5":""}
{"level":30,"time":1721443372942,"pid":82196,"hostname":"raichuu.local","name":"Hubot","msg":"/Users/ukigaishion/Desktop/４年/分散情報システム/MyIroiroBot/scripts/ping.js is using deprecated documentation syntax"}
{"level":30,"time":1721443372971,"pid":82196,"hostname":"raichuu.local","name":"Hubot","msg":"hubot-redis-brain: Discovered redis from REDIS_URL environment variable"}
{"level":50,"time":1721443377145,"pid":82196,"hostname":"raichuu.local","name":"Hubot","msg":"TypeError: res.match[1].chartAt is not a function\n    at TextListener.callback (/Users/ukigaishion/Desktop/４年/分散情報システム/MyIroiroBot/scripts/ping.js:70:46)\n    at executeListener (/Users/ukigaishion/Desktop/４年/分散情報システム/MyIroiroBot/node_modules/lisb-hubot/src/listener.js:79:16)\n    at allDone (/Users/ukigaishion/Desktop/４年/分散情報システム/MyIroiroBot/node_modules/lisb-hubot/src/middleware.js:56:7)\n    at wrapper (/Users/ukigaishion/Desktop/４年/分散情報システム/MyIroiroBot/node_modules/lisb-hubot/node_modules/async/dist/async.js:273:20)\n    at /Users/ukigaishion/Desktop/４年/分散情報システム/MyIroiroBot/node_modules/lisb-hubot/node_modules/async/dist/async.js:1965:19\n    at wrapper (/Users/ukigaishion/Desktop/４年/分散情報システム/MyIroiroBot/node_modules/lisb-hubot/node_modules/async/dist/async.js:273:20)\n    at replenish (/Users/ukigaishion/Desktop/４年/分散情報システム/MyIroiroBot/node_modules/lisb-hubot/node_modules/async/dist/async.js:443:29)\n    at /Users/ukigaishion/Desktop/４年/分散情報システム/MyIroiroBot/node_modules/lisb-hubot/node_modules/async/dist/async.js:453:13\n    at eachOfLimit (/Users/ukigaishion/Desktop/４年/分散情報システム/MyIroiroBot/node_modules/lisb-hubot/node_modules/async/dist/async.js:479:36)\n    at awaitable (/Users/ukigaishion/Desktop/４年/分散情報システム/MyIroiroBot/node_modules/lisb-hubot/node_modules/async/dist/async.js:212:32)\n    at eachOfSeries (/Users/ukigaishion/Desktop/４年/分散情報システム/MyIroiroBot/node_modules/lisb-hubot/node_modules/async/dist/async.js:815:16)\n    at awaitable (/Users/ukigaishion/Desktop/４年/分散情報システム/MyIroiroBot/node_modules/lisb-hubot/node_modules/async/dist/async.js:212:32)\n    at reduce (/Users/ukigaishion/Desktop/４年/分散情報システム/MyIroiroBot/node_modules/lisb-hubot/node_modules/async/dist/async.js:1960:16)\n    at awaitable (/Users/ukigaishion/Desktop/４年/分散情報システム/MyIroiroBot/node_modules/lisb-hubot/node_modules/async/dist/async.js:212:32)\n    at processTicksAndRejections (node:internal/process/task_queues:78:11)\n"}
{"level":30,"time":1721443431444,"pid":82207,"hostname":"raichuu.local","name":"direct-js","p1":"WebSocket opened.","p2":"","p3":"","p4":"","p5":""}
{"level":30,"time":1721443431537,"pid":82207,"hostname":"raichuu.local","name":"Hubot","msg":"/Users/ukigaishion/Desktop/４年/分散情報システム/MyIroiroBot/scripts/ping.js is using deprecated documentation syntax"}
{"level":30,"time":1721443431567,"pid":82207,"hostname":"raichuu.local","name":"Hubot","msg":"hubot-redis-brain: Discovered redis from REDIS_URL environment variable"}
{"level":30,"time":1721443459900,"pid":82223,"hostname":"raichuu.local","name":"direct-js","p1":"WebSocket opened.","p2":"","p3":"","p4":"","p5":""}
{"level":30,"time":1721443460056,"pid":82223,"hostname":"raichuu.local","name":"Hubot","msg":"/Users/ukigaishion/Desktop/４年/分散情報システム/MyIroiroBot/scripts/ping.js is using deprecated documentation syntax"}
{"level":30,"time":1721443460086,"pid":82223,"hostname":"raichuu.local","name":"Hubot","msg":"hubot-redis-brain: Discovered redis from REDIS_URL environment variable"}
{"level":30,"time":1721443513835,"pid":82235,"hostname":"raichuu.local","name":"direct-js","p1":"WebSocket opened.","p2":"","p3":"","p4":"","p5":""}
{"level":30,"time":1721443513905,"pid":82235,"hostname":"raichuu.local","name":"Hubot","msg":"/Users/ukigaishion/Desktop/４年/分散情報システム/MyIroiroBot/scripts/ping.js is using deprecated documentation syntax"}
{"level":30,"time":1721443513926,"pid":82235,"hostname":"raichuu.local","name":"Hubot","msg":"hubot-redis-brain: Discovered redis from REDIS_URL environment variable"}
{"level":30,"time":1721443574137,"pid":82254,"hostname":"raichuu.local","name":"direct-js","p1":"WebSocket opened.","p2":"","p3":"","p4":"","p5":""}
{"level":30,"time":1721443574218,"pid":82254,"hostname":"raichuu.local","name":"Hubot","msg":"/Users/ukigaishion/Desktop/４年/分散情報システム/MyIroiroBot/scripts/ping.js is using deprecated documentation syntax"}
{"level":30,"time":1721443574247,"pid":82254,"hostname":"raichuu.local","name":"Hubot","msg":"hubot-redis-brain: Discovered redis from REDIS_URL environment variable"}
{"level":30,"time":1721443780041,"pid":82286,"hostname":"raichuu.local","name":"direct-js","p1":"WebSocket opened.","p2":"","p3":"","p4":"","p5":""}
{"level":30,"time":1721443780222,"pid":82286,"hostname":"raichuu.local","name":"Hubot","msg":"/Users/ukigaishion/Desktop/４年/分散情報システム/MyIroiroBot/scripts/ping.js is using deprecated documentation syntax"}
{"level":30,"time":1721443780252,"pid":82286,"hostname":"raichuu.local","name":"Hubot","msg":"hubot-redis-brain: Discovered redis from REDIS_URL environment variable"}
{"level":30,"time":1721446719180,"pid":82395,"hostname":"raichuu.local","name":"direct-js","p1":"WebSocket opened.","p2":"","p3":"","p4":"","p5":""}
{"level":30,"time":1721446719975,"pid":82395,"hostname":"raichuu.local","name":"Hubot","msg":"/Users/ukigaishion/Desktop/４年/分散情報システム/MyIroiroBot/scripts/ping.js is using deprecated documentation syntax"}
{"level":30,"time":1721446720009,"pid":82395,"hostname":"raichuu.local","name":"Hubot","msg":"hubot-redis-brain: Discovered redis from REDIS_URL environment variable"}
{"level":30,"time":1721447398337,"pid":82490,"hostname":"raichuu.local","name":"direct-js","p1":"WebSocket opened.","p2":"","p3":"","p4":"","p5":""}
{"level":30,"time":1721447398491,"pid":82490,"hostname":"raichuu.local","name":"Hubot","msg":"/Users/ukigaishion/Desktop/４年/分散情報システム/MyIroiroBot/scripts/ping.js is using deprecated documentation syntax"}
{"level":30,"time":1721447398522,"pid":82490,"hostname":"raichuu.local","name":"Hubot","msg":"hubot-redis-brain: Discovered redis from REDIS_URL environment variable"}
{"level":50,"time":1721447404871,"pid":82490,"hostname":"raichuu.local","name":"Hubot","msg":"TypeError: txt.chartAt is not a function\n    at TextListener.callback (/Users/ukigaishion/Desktop/４年/分散情報システム/MyIroiroBot/scripts/ping.js:84:39)\n    at executeListener (/Users/ukigaishion/Desktop/４年/分散情報システム/MyIroiroBot/node_modules/lisb-hubot/src/listener.js:79:16)\n    at allDone (/Users/ukigaishion/Desktop/４年/分散情報システム/MyIroiroBot/node_modules/lisb-hubot/src/middleware.js:56:7)\n    at wrapper (/Users/ukigaishion/Desktop/４年/分散情報システム/MyIroiroBot/node_modules/lisb-hubot/node_modules/async/dist/async.js:273:20)\n    at /Users/ukigaishion/Desktop/４年/分散情報システム/MyIroiroBot/node_modules/lisb-hubot/node_modules/async/dist/async.js:1965:19\n    at wrapper (/Users/ukigaishion/Desktop/４年/分散情報システム/MyIroiroBot/node_modules/lisb-hubot/node_modules/async/dist/async.js:273:20)\n    at replenish (/Users/ukigaishion/Desktop/４年/分散情報システム/MyIroiroBot/node_modules/lisb-hubot/node_modules/async/dist/async.js:443:29)\n    at /Users/ukigaishion/Desktop/４年/分散情報システム/MyIroiroBot/node_modules/lisb-hubot/node_modules/async/dist/async.js:453:13\n    at eachOfLimit (/Users/ukigaishion/Desktop/４年/分散情報システム/MyIroiroBot/node_modules/lisb-hubot/node_modules/async/dist/async.js:479:36)\n    at awaitable (/Users/ukigaishion/Desktop/４年/分散情報システム/MyIroiroBot/node_modules/lisb-hubot/node_modules/async/dist/async.js:212:32)\n    at eachOfSeries (/Users/ukigaishion/Desktop/４年/分散情報システム/MyIroiroBot/node_modules/lisb-hubot/node_modules/async/dist/async.js:815:16)\n    at awaitable (/Users/ukigaishion/Desktop/４年/分散情報システム/MyIroiroBot/node_modules/lisb-hubot/node_modules/async/dist/async.js:212:32)\n    at reduce (/Users/ukigaishion/Desktop/４年/分散情報システム/MyIroiroBot/node_modules/lisb-hubot/node_modules/async/dist/async.js:1960:16)\n    at awaitable (/Users/ukigaishion/Desktop/４年/分散情報システム/MyIroiroBot/node_modules/lisb-hubot/node_modules/async/dist/async.js:212:32)\n    at processTicksAndRejections (node:internal/process/task_queues:78:11)\n"}
{"level":50,"time":1721447420795,"pid":82490,"hostname":"raichuu.local","name":"Hubot","msg":"TypeError: txt.chartAt is not a function\n    at TextListener.callback (/Users/ukigaishion/Desktop/４年/分散情報システム/MyIroiroBot/scripts/ping.js:84:39)\n    at executeListener (/Users/ukigaishion/Desktop/４年/分散情報システム/MyIroiroBot/node_modules/lisb-hubot/src/listener.js:79:16)\n    at allDone (/Users/ukigaishion/Desktop/４年/分散情報システム/MyIroiroBot/node_modules/lisb-hubot/src/middleware.js:56:7)\n    at wrapper (/Users/ukigaishion/Desktop/４年/分散情報システム/MyIroiroBot/node_modules/lisb-hubot/node_modules/async/dist/async.js:273:20)\n    at /Users/ukigaishion/Desktop/４年/分散情報システム/MyIroiroBot/node_modules/lisb-hubot/node_modules/async/dist/async.js:1965:19\n    at wrapper (/Users/ukigaishion/Desktop/４年/分散情報システム/MyIroiroBot/node_modules/lisb-hubot/node_modules/async/dist/async.js:273:20)\n    at replenish (/Users/ukigaishion/Desktop/４年/分散情報システム/MyIroiroBot/node_modules/lisb-hubot/node_modules/async/dist/async.js:443:29)\n    at /Users/ukigaishion/Desktop/４年/分散情報システム/MyIroiroBot/node_modules/lisb-hubot/node_modules/async/dist/async.js:453:13\n    at eachOfLimit (/Users/ukigaishion/Desktop/４年/分散情報システム/MyIroiroBot/node_modules/lisb-hubot/node_modules/async/dist/async.js:479:36)\n    at awaitable (/Users/ukigaishion/Desktop/４年/分散情報システム/MyIroiroBot/node_modules/lisb-hubot/node_modules/async/dist/async.js:212:32)\n    at eachOfSeries (/Users/ukigaishion/Desktop/４年/分散情報システム/MyIroiroBot/node_modules/lisb-hubot/node_modules/async/dist/async.js:815:16)\n    at awaitable (/Users/ukigaishion/Desktop/４年/分散情報システム/MyIroiroBot/node_modules/lisb-hubot/node_modules/async/dist/async.js:212:32)\n    at reduce (/Users/ukigaishion/Desktop/４年/分散情報システム/MyIroiroBot/node_modules/lisb-hubot/node_modules/async/dist/async.js:1960:16)\n    at awaitable (/Users/ukigaishion/Desktop/４年/分散情報システム/MyIroiroBot/node_modules/lisb-hubot/node_modules/async/dist/async.js:212:32)\n    at processTicksAndRejections (node:internal/process/task_queues:78:11)\n"}
{"level":30,"time":1721447493355,"pid":82513,"hostname":"raichuu.local","name":"direct-js","p1":"WebSocket opened.","p2":"","p3":"","p4":"","p5":""}
{"level":30,"time":1721447493430,"pid":82513,"hostname":"raichuu.local","name":"Hubot","msg":"/Users/ukigaishion/Desktop/４年/分散情報システム/MyIroiroBot/scripts/ping.js is using deprecated documentation syntax"}
{"level":30,"time":1721447493454,"pid":82513,"hostname":"raichuu.local","name":"Hubot","msg":"hubot-redis-brain: Discovered redis from REDIS_URL environment variable"}
{"level":30,"time":1721447783233,"pid":82546,"hostname":"raichuu.local","name":"direct-js","p1":"WebSocket opened.","p2":"","p3":"","p4":"","p5":""}
{"level":30,"time":1721447783390,"pid":82546,"hostname":"raichuu.local","name":"Hubot","msg":"/Users/ukigaishion/Desktop/４年/分散情報システム/MyIroiroBot/scripts/ping.js is using deprecated documentation syntax"}
{"level":30,"time":1721447783418,"pid":82546,"hostname":"raichuu.local","name":"Hubot","msg":"hubot-redis-brain: Discovered redis from REDIS_URL environment variable"}
{"level":30,"time":1721447867956,"pid":82559,"hostname":"raichuu.local","name":"direct-js","p1":"WebSocket opened.","p2":"","p3":"","p4":"","p5":""}
{"level":30,"time":1721447868699,"pid":82559,"hostname":"raichuu.local","name":"Hubot","msg":"/Users/ukigaishion/Desktop/４年/分散情報システム/MyIroiroBot/scripts/ping.js is using deprecated documentation syntax"}
{"level":30,"time":1721447868716,"pid":82559,"hostname":"raichuu.local","name":"Hubot","msg":"hubot-redis-brain: Discovered redis from REDIS_URL environment variable"}
{"level":30,"time":1721447941213,"pid":82574,"hostname":"raichuu.local","name":"direct-js","p1":"WebSocket opened.","p2":"","p3":"","p4":"","p5":""}
{"level":30,"time":1721447942301,"pid":82574,"hostname":"raichuu.local","name":"Hubot","msg":"/Users/ukigaishion/Desktop/４年/分散情報システム/MyIroiroBot/scripts/ping.js is using deprecated documentation syntax"}
{"level":30,"time":1721447942333,"pid":82574,"hostname":"raichuu.local","name":"Hubot","msg":"hubot-redis-brain: Discovered redis from REDIS_URL environment variable"}
{"level":30,"time":1721447969057,"pid":82576,"hostname":"raichuu.local","name":"direct-js","p1":"WebSocket opened.","p2":"","p3":"","p4":"","p5":""}
{"level":30,"time":1721447969213,"pid":82576,"hostname":"raichuu.local","name":"Hubot","msg":"/Users/ukigaishion/Desktop/４年/分散情報システム/MyIroiroBot/scripts/ping.js is using deprecated documentation syntax"}
{"level":30,"time":1721447969251,"pid":82576,"hostname":"raichuu.local","name":"Hubot","msg":"hubot-redis-brain: Discovered redis from REDIS_URL environment variable"}
{"level":30,"time":1721447982700,"pid":82585,"hostname":"raichuu.local","name":"direct-js","p1":"WebSocket opened.","p2":"","p3":"","p4":"","p5":""}
{"level":30,"time":1721447983669,"pid":82585,"hostname":"raichuu.local","name":"Hubot","msg":"/Users/ukigaishion/Desktop/４年/分散情報システム/MyIroiroBot/scripts/ping.js is using deprecated documentation syntax"}
{"level":30,"time":1721447983703,"pid":82585,"hostname":"raichuu.local","name":"Hubot","msg":"hubot-redis-brain: Discovered redis from REDIS_URL environment variable"}
{"level":30,"time":1721448157053,"pid":82608,"hostname":"raichuu.local","name":"direct-js","p1":"WebSocket opened.","p2":"","p3":"","p4":"","p5":""}
{"level":30,"time":1721448157190,"pid":82608,"hostname":"raichuu.local","name":"Hubot","msg":"/Users/ukigaishion/Desktop/４年/分散情報システム/MyIroiroBot/scripts/ping.js is using deprecated documentation syntax"}
{"level":30,"time":1721448157221,"pid":82608,"hostname":"raichuu.local","name":"Hubot","msg":"hubot-redis-brain: Discovered redis from REDIS_URL environment variable"}
{"level":30,"time":1721448293323,"pid":82762,"hostname":"raichuu.local","name":"direct-js","p1":"WebSocket opened.","p2":"","p3":"","p4":"","p5":""}
{"level":30,"time":1721448293485,"pid":82762,"hostname":"raichuu.local","name":"Hubot","msg":"/Users/ukigaishion/Desktop/４年/分散情報システム/MyIroiroBot/scripts/ping.js is using deprecated documentation syntax"}
{"level":30,"time":1721448293514,"pid":82762,"hostname":"raichuu.local","name":"Hubot","msg":"hubot-redis-brain: Discovered redis from REDIS_URL environment variable"}
{"level":30,"time":1721448330242,"pid":82771,"hostname":"raichuu.local","name":"direct-js","p1":"WebSocket opened.","p2":"","p3":"","p4":"","p5":""}
{"level":30,"time":1721448330318,"pid":82771,"hostname":"raichuu.local","name":"Hubot","msg":"/Users/ukigaishion/Desktop/４年/分散情報システム/MyIroiroBot/scripts/ping.js is using deprecated documentation syntax"}
{"level":30,"time":1721448330344,"pid":82771,"hostname":"raichuu.local","name":"Hubot","msg":"hubot-redis-brain: Discovered redis from REDIS_URL environment variable"}
{"level":30,"time":1721448335968,"pid":82780,"hostname":"raichuu.local","name":"direct-js","p1":"WebSocket opened.","p2":"","p3":"","p4":"","p5":""}
{"level":30,"time":1721448336908,"pid":82780,"hostname":"raichuu.local","name":"Hubot","msg":"/Users/ukigaishion/Desktop/４年/分散情報システム/MyIroiroBot/scripts/ping.js is using deprecated documentation syntax"}
{"level":30,"time":1721448336936,"pid":82780,"hostname":"raichuu.local","name":"Hubot","msg":"hubot-redis-brain: Discovered redis from REDIS_URL environment variable"}
{"level":30,"time":1721448767211,"pid":82853,"hostname":"raichuu.local","name":"direct-js","p1":"WebSocket opened.","p2":"","p3":"","p4":"","p5":""}
{"level":30,"time":1721448767374,"pid":82853,"hostname":"raichuu.local","name":"Hubot","msg":"/Users/ukigaishion/Desktop/４年/分散情報システム/MyIroiroBot/scripts/ping.js is using deprecated documentation syntax"}
{"level":30,"time":1721448767405,"pid":82853,"hostname":"raichuu.local","name":"Hubot","msg":"hubot-redis-brain: Discovered redis from REDIS_URL environment variable"}
{"level":30,"time":1721449030513,"pid":82888,"hostname":"raichuu.local","name":"direct-js","p1":"WebSocket opened.","p2":"","p3":"","p4":"","p5":""}
{"level":30,"time":1721449030671,"pid":82888,"hostname":"raichuu.local","name":"Hubot","msg":"/Users/ukigaishion/Desktop/４年/分散情報システム/MyIroiroBot/scripts/ping.js is using deprecated documentation syntax"}
{"level":30,"time":1721449030700,"pid":82888,"hostname":"raichuu.local","name":"Hubot","msg":"hubot-redis-brain: Discovered redis from REDIS_URL environment variable"}
{"level":30,"time":1721449194471,"pid":82925,"hostname":"raichuu.local","name":"direct-js","p1":"WebSocket opened.","p2":"","p3":"","p4":"","p5":""}
{"level":30,"time":1721449194550,"pid":82925,"hostname":"raichuu.local","name":"Hubot","msg":"/Users/ukigaishion/Desktop/４年/分散情報システム/MyIroiroBot/scripts/ping.js is using deprecated documentation syntax"}
{"level":30,"time":1721449194568,"pid":82925,"hostname":"raichuu.local","name":"Hubot","msg":"hubot-redis-brain: Discovered redis from REDIS_URL environment variable"}
{"level":30,"time":1721449442819,"pid":82961,"hostname":"raichuu.local","name":"direct-js","p1":"WebSocket opened.","p2":"","p3":"","p4":"","p5":""}
{"level":30,"time":1721449442922,"pid":82961,"hostname":"raichuu.local","name":"Hubot","msg":"/Users/ukigaishion/Desktop/４年/分散情報システム/MyIroiroBot/scripts/ping.js is using deprecated documentation syntax"}
{"level":30,"time":1721449442952,"pid":82961,"hostname":"raichuu.local","name":"Hubot","msg":"hubot-redis-brain: Discovered redis from REDIS_URL environment variable"}
{"level":50,"time":1721450536802,"pid":82961,"hostname":"raichuu.local","name":"direct-js","p1":"WebSocket error. event:","p2":{"errno":-54,"code":"ECONNRESET","syscall":"read"},"p3":"","p4":"","p5":""}
{"level":30,"time":1721450536810,"pid":82961,"hostname":"raichuu.local","name":"direct-js","p1":"WebSocket closed. 1006 Socket Error: read ECONNRESET null","p2":"","p3":"","p4":"","p5":""}
{"level":30,"time":1721450536810,"pid":82961,"hostname":"raichuu.local","name":"direct-js","p1":"onClose. code:1006, reason:Socket Error: read ECONNRESET, wasClean:null","p2":"","p3":"","p4":"","p5":""}
{"level":30,"time":1721450537465,"pid":82961,"hostname":"raichuu.local","name":"direct-js","p1":"WebSocket opened.","p2":"","p3":"","p4":"","p5":""}
{"level":50,"time":1721451535658,"pid":82961,"hostname":"raichuu.local","name":"direct-js","p1":"WebSocket error. event:","p2":{"errno":-54,"code":"ECONNRESET","syscall":"read"},"p3":"","p4":"","p5":""}
{"level":30,"time":1721451535659,"pid":82961,"hostname":"raichuu.local","name":"direct-js","p1":"WebSocket closed. 1006 Socket Error: read ECONNRESET null","p2":"","p3":"","p4":"","p5":""}
{"level":30,"time":1721451535659,"pid":82961,"hostname":"raichuu.local","name":"direct-js","p1":"onClose. code:1006, reason:Socket Error: read ECONNRESET, wasClean:null","p2":"","p3":"","p4":"","p5":""}
{"level":30,"time":1721451536295,"pid":82961,"hostname":"raichuu.local","name":"direct-js","p1":"WebSocket opened.","p2":"","p3":"","p4":"","p5":""}
{"level":50,"time":1721452453798,"pid":82961,"hostname":"raichuu.local","name":"direct-js","p1":"WebSocket error. event:","p2":{"errno":-54,"code":"ECONNRESET","syscall":"read"},"p3":"","p4":"","p5":""}
{"level":30,"time":1721452453799,"pid":82961,"hostname":"raichuu.local","name":"direct-js","p1":"WebSocket closed. 1006 Socket Error: read ECONNRESET null","p2":"","p3":"","p4":"","p5":""}
{"level":30,"time":1721452453800,"pid":82961,"hostname":"raichuu.local","name":"direct-js","p1":"onClose. code:1006, reason:Socket Error: read ECONNRESET, wasClean:null","p2":"","p3":"","p4":"","p5":""}
{"level":30,"time":1721452454442,"pid":82961,"hostname":"raichuu.local","name":"direct-js","p1":"WebSocket opened.","p2":"","p3":"","p4":"","p5":""}
{"level":50,"time":1721453488564,"pid":82961,"hostname":"raichuu.local","name":"direct-js","p1":"WebSocket error. event:","p2":{"errno":-54,"code":"ECONNRESET","syscall":"read"},"p3":"","p4":"","p5":""}
{"level":30,"time":1721453488565,"pid":82961,"hostname":"raichuu.local","name":"direct-js","p1":"WebSocket closed. 1006 Socket Error: read ECONNRESET null","p2":"","p3":"","p4":"","p5":""}
{"level":30,"time":1721453488565,"pid":82961,"hostname":"raichuu.local","name":"direct-js","p1":"onClose. code:1006, reason:Socket Error: read ECONNRESET, wasClean:null","p2":"","p3":"","p4":"","p5":""}
{"level":30,"time":1721453489521,"pid":82961,"hostname":"raichuu.local","name":"direct-js","p1":"WebSocket opened.","p2":"","p3":"","p4":"","p5":""}
{"level":50,"time":1721453697005,"pid":82961,"hostname":"raichuu.local","name":"direct-js","p1":"WebSocket error. event:","p2":{"errno":-54,"code":"ECONNRESET","syscall":"read"},"p3":"","p4":"","p5":""}
{"level":30,"time":1721453697006,"pid":82961,"hostname":"raichuu.local","name":"direct-js","p1":"WebSocket closed. 1006 Socket Error: read ECONNRESET null","p2":"","p3":"","p4":"","p5":""}
{"level":30,"time":1721453697006,"pid":82961,"hostname":"raichuu.local","name":"direct-js","p1":"onClose. code:1006, reason:Socket Error: read ECONNRESET, wasClean:null","p2":"","p3":"","p4":"","p5":""}
{"level":30,"time":1721453697656,"pid":82961,"hostname":"raichuu.local","name":"direct-js","p1":"WebSocket opened.","p2":"","p3":"","p4":"","p5":""}
{"level":30,"time":1721458445724,"pid":84541,"hostname":"raichuu.local","name":"direct-js","p1":"WebSocket opened.","p2":"","p3":"","p4":"","p5":""}
{"level":30,"time":1721458446474,"pid":84541,"hostname":"raichuu.local","name":"Hubot","msg":"/Users/ukigaishion/Desktop/４年/分散情報システム/MyIroiroBot/scripts/myBot.js is using deprecated documentation syntax"}
{"level":30,"time":1721458446507,"pid":84541,"hostname":"raichuu.local","name":"Hubot","msg":"hubot-redis-brain: Discovered redis from REDIS_URL environment variable"}
{"level":30,"time":1721463879702,"pid":86247,"hostname":"raichuu.local","name":"direct-js","p1":"WebSocket opened.","p2":"","p3":"","p4":"","p5":""}
{"level":30,"time":1721463881081,"pid":86247,"hostname":"raichuu.local","name":"Hubot","msg":"/Users/ukigaishion/Desktop/４年/分散情報システム/MyIroiroBot/scripts/myBot.js is using deprecated documentation syntax"}
{"level":30,"time":1721463881102,"pid":86247,"hostname":"raichuu.local","name":"Hubot","msg":"hubot-redis-brain: Discovered redis from REDIS_URL environment variable"}
{"level":30,"time":1721465053397,"pid":86627,"hostname":"raichuu.local","name":"direct-js","p1":"WebSocket opened.","p2":"","p3":"","p4":"","p5":""}
{"level":30,"time":1721465053798,"pid":86627,"hostname":"raichuu.local","name":"Hubot","msg":"/Users/ukigaishion/Desktop/４年/分散情報システム/MyIroiroBot/scripts/myBot.js is using deprecated documentation syntax"}
{"level":30,"time":1721465053813,"pid":86627,"hostname":"raichuu.local","name":"Hubot","msg":"hubot-redis-brain: Discovered redis from REDIS_URL environment variable"}
{"level":50,"time":1721465094747,"pid":86627,"hostname":"raichuu.local","name":"Hubot","msg":"ReferenceError: result is not defined\n    at Object.callback (/Users/ukigaishion/Desktop/４年/分散情報システム/MyIroiroBot/scripts/myBot.js:102:26)\n    at Object.onReceiveStatus (/Users/ukigaishion/Desktop/４年/分散情報システム/MyIroiroBot/node_modules/@grpc/grpc-js/build/src/client.js:188:40)\n    at Object.onReceiveStatus (/Users/ukigaishion/Desktop/４年/分散情報システム/MyIroiroBot/node_modules/@grpc/grpc-js/build/src/client-interceptors.js:360:141)\n    at Object.onReceiveStatus (/Users/ukigaishion/Desktop/４年/分散情報システム/MyIroiroBot/node_modules/@grpc/grpc-js/build/src/client-interceptors.js:323:181)\n    at /Users/ukigaishion/Desktop/４年/分散情報システム/MyIroiroBot/node_modules/@grpc/grpc-js/build/src/resolving-call.js:129:78\n    at processTicksAndRejections (node:internal/process/task_queues:78:11)\n"}
{"level":30,"time":1721465266161,"pid":86688,"hostname":"raichuu.local","name":"direct-js","p1":"WebSocket opened.","p2":"","p3":"","p4":"","p5":""}
{"level":30,"time":1721465266648,"pid":86688,"hostname":"raichuu.local","name":"Hubot","msg":"/Users/ukigaishion/Desktop/４年/分散情報システム/MyIroiroBot/scripts/myBot.js is using deprecated documentation syntax"}
{"level":30,"time":1721465266666,"pid":86688,"hostname":"raichuu.local","name":"Hubot","msg":"hubot-redis-brain: Discovered redis from REDIS_URL environment variable"}
{"level":30,"time":1721465454300,"pid":86714,"hostname":"raichuu.local","name":"direct-js","p1":"WebSocket opened.","p2":"","p3":"","p4":"","p5":""}
{"level":30,"time":1721465454784,"pid":86714,"hostname":"raichuu.local","name":"Hubot","msg":"/Users/ukigaishion/Desktop/４年/分散情報システム/MyIroiroBot/scripts/myBot.js is using deprecated documentation syntax"}
{"level":30,"time":1721465454799,"pid":86714,"hostname":"raichuu.local","name":"Hubot","msg":"hubot-redis-brain: Discovered redis from REDIS_URL environment variable"}
{"level":30,"time":1721465544198,"pid":86742,"hostname":"raichuu.local","name":"direct-js","p1":"WebSocket opened.","p2":"","p3":"","p4":"","p5":""}
{"level":30,"time":1721465544654,"pid":86742,"hostname":"raichuu.local","name":"Hubot","msg":"/Users/ukigaishion/Desktop/４年/分散情報システム/MyIroiroBot/scripts/myBot.js is using deprecated documentation syntax"}
{"level":30,"time":1721465544670,"pid":86742,"hostname":"raichuu.local","name":"Hubot","msg":"hubot-redis-brain: Discovered redis from REDIS_URL environment variable"}
{"level":30,"time":1721466370967,"pid":86908,"hostname":"raichuu.local","name":"direct-js","p1":"WebSocket opened.","p2":"","p3":"","p4":"","p5":""}
{"level":30,"time":1721466371389,"pid":86908,"hostname":"raichuu.local","name":"Hubot","msg":"/Users/ukigaishion/Desktop/４年/分散情報システム/MyIroiroBot/scripts/myBot.js is using deprecated documentation syntax"}
{"level":30,"time":1721466371404,"pid":86908,"hostname":"raichuu.local","name":"Hubot","msg":"hubot-redis-brain: Discovered redis from REDIS_URL environment variable"}
{"level":30,"time":1721466600386,"pid":86942,"hostname":"raichuu.local","name":"direct-js","p1":"WebSocket opened.","p2":"","p3":"","p4":"","p5":""}
{"level":30,"time":1721466600778,"pid":86942,"hostname":"raichuu.local","name":"Hubot","msg":"/Users/ukigaishion/Desktop/４年/分散情報システム/MyIroiroBot/scripts/myBot.js is using deprecated documentation syntax"}
{"level":30,"time":1721466600792,"pid":86942,"hostname":"raichuu.local","name":"Hubot","msg":"hubot-redis-brain: Discovered redis from REDIS_URL environment variable"}
{"level":30,"time":1721467115753,"pid":87122,"hostname":"raichuu.local","name":"direct-js","p1":"WebSocket opened.","p2":"","p3":"","p4":"","p5":""}
{"level":30,"time":1721467116136,"pid":87122,"hostname":"raichuu.local","name":"Hubot","msg":"/Users/ukigaishion/Desktop/４年/分散情報システム/MyIroiroBot/scripts/myBot.js is using deprecated documentation syntax"}
{"level":30,"time":1721467116152,"pid":87122,"hostname":"raichuu.local","name":"Hubot","msg":"hubot-redis-brain: Discovered redis from REDIS_URL environment variable"}
{"level":30,"time":1721467149867,"pid":87153,"hostname":"raichuu.local","name":"direct-js","p1":"WebSocket opened.","p2":"","p3":"","p4":"","p5":""}
{"level":30,"time":1721467150351,"pid":87153,"hostname":"raichuu.local","name":"Hubot","msg":"/Users/ukigaishion/Desktop/４年/分散情報システム/MyIroiroBot/scripts/myBot.js is using deprecated documentation syntax"}
{"level":30,"time":1721467150366,"pid":87153,"hostname":"raichuu.local","name":"Hubot","msg":"hubot-redis-brain: Discovered redis from REDIS_URL environment variable"}
{"level":30,"time":1721467209738,"pid":87166,"hostname":"raichuu.local","name":"direct-js","p1":"WebSocket opened.","p2":"","p3":"","p4":"","p5":""}
{"level":30,"time":1721467210138,"pid":87166,"hostname":"raichuu.local","name":"Hubot","msg":"/Users/ukigaishion/Desktop/４年/分散情報システム/MyIroiroBot/scripts/myBot.js is using deprecated documentation syntax"}
{"level":30,"time":1721467210155,"pid":87166,"hostname":"raichuu.local","name":"Hubot","msg":"hubot-redis-brain: Discovered redis from REDIS_URL environment variable"}
{"level":30,"time":1721467548809,"pid":88048,"hostname":"raichuu.local","name":"direct-js","p1":"WebSocket opened.","p2":"","p3":"","p4":"","p5":""}
{"level":30,"time":1721467558057,"pid":88064,"hostname":"raichuu.local","name":"direct-js","p1":"WebSocket opened.","p2":"","p3":"","p4":"","p5":""}
{"level":30,"time":1721467558566,"pid":88064,"hostname":"raichuu.local","name":"Hubot","msg":"/Users/ukigaishion/Desktop/４年/分散情報システム/MyIroiroBot/scripts/myBot.js is using deprecated documentation syntax"}
{"level":30,"time":1721467558628,"pid":88064,"hostname":"raichuu.local","name":"Hubot","msg":"hubot-redis-brain: Discovered redis from REDIS_URL environment variable"}
{"level":30,"time":1721467627917,"pid":88079,"hostname":"raichuu.local","name":"direct-js","p1":"WebSocket opened.","p2":"","p3":"","p4":"","p5":""}
{"level":30,"time":1721467628309,"pid":88079,"hostname":"raichuu.local","name":"Hubot","msg":"/Users/ukigaishion/Desktop/４年/分散情報システム/MyIroiroBot/scripts/myBot.js is using deprecated documentation syntax"}
{"level":30,"time":1721467628323,"pid":88079,"hostname":"raichuu.local","name":"Hubot","msg":"hubot-redis-brain: Discovered redis from REDIS_URL environment variable"}
{"level":30,"time":1721470263504,"pid":88538,"hostname":"raichuu.local","name":"direct-js","p1":"WebSocket opened.","p2":"","p3":"","p4":"","p5":""}
{"level":30,"time":1721470264795,"pid":88538,"hostname":"raichuu.local","name":"Hubot","msg":"/Users/ukigaishion/Desktop/４年/分散情報システム/MyIroiroBot/scripts/myBot.js is using deprecated documentation syntax"}
{"level":30,"time":1721470264814,"pid":88538,"hostname":"raichuu.local","name":"Hubot","msg":"hubot-redis-brain: Discovered redis from REDIS_URL environment variable"}
{"level":30,"time":1721471648341,"pid":89410,"hostname":"raichuu.local","name":"direct-js","p1":"WebSocket opened.","p2":"","p3":"","p4":"","p5":""}
{"level":30,"time":1721471649134,"pid":89410,"hostname":"raichuu.local","name":"Hubot","msg":"/Users/ukigaishion/Desktop/４年/分散情報システム/最終課題/MyIroiroBot/MyIroiroBot/scripts/myBot.js is using deprecated documentation syntax"}
{"level":30,"time":1721471649176,"pid":89410,"hostname":"raichuu.local","name":"Hubot","msg":"hubot-redis-brain: Discovered redis from REDIS_URL environment variable"}
{"level":30,"time":1721471805795,"pid":89552,"hostname":"raichuu.local","name":"direct-js","p1":"WebSocket opened.","p2":"","p3":"","p4":"","p5":""}
{"level":30,"time":1721471807166,"pid":89552,"hostname":"raichuu.local","name":"Hubot","msg":"/Users/ukigaishion/Desktop/４年/分散情報システム/最終課題/MyIroiroBot/scripts/myBot.js is using deprecated documentation syntax"}
{"level":30,"time":1721471807212,"pid":89552,"hostname":"raichuu.local","name":"Hubot","msg":"hubot-redis-brain: Discovered redis from REDIS_URL environment variable"}
{"level":30,"time":1721472125225,"pid":90168,"hostname":"raichuu.local","name":"direct-js","p1":"WebSocket opened.","p2":"","p3":"","p4":"","p5":""}
{"level":30,"time":1721472125636,"pid":90168,"hostname":"raichuu.local","name":"Hubot","msg":"/Users/ukigaishion/Desktop/４年/分散情報システム/最終課題/MyIroiroBot/scripts/myBot.js is using deprecated documentation syntax"}
{"level":30,"time":1721472125653,"pid":90168,"hostname":"raichuu.local","name":"Hubot","msg":"hubot-redis-brain: Discovered redis from REDIS_URL environment variable"}
{"level":30,"time":1721472372290,"pid":90539,"hostname":"raichuu.local","name":"direct-js","p1":"WebSocket opened.","p2":"","p3":"","p4":"","p5":""}
{"level":30,"time":1721472372828,"pid":90539,"hostname":"raichuu.local","name":"Hubot","msg":"/Users/ukigaishion/Desktop/４年/分散情報システム/最終課題/MyIroiroBot/scripts/myBot.js is using deprecated documentation syntax"}
{"level":30,"time":1721472372853,"pid":90539,"hostname":"raichuu.local","name":"Hubot","msg":"hubot-redis-brain: Discovered redis from REDIS_URL environment variable"}
{"level":30,"time":1721472738344,"pid":90628,"hostname":"raichuu.local","name":"direct-js","p1":"WebSocket opened.","p2":"","p3":"","p4":"","p5":""}
{"level":30,"time":1721472738745,"pid":90628,"hostname":"raichuu.local","name":"Hubot","msg":"/Users/ukigaishion/Desktop/４年/分散情報システム/最終課題/MyIroiroBot/scripts/myBot.js is using deprecated documentation syntax"}
{"level":30,"time":1721472738760,"pid":90628,"hostname":"raichuu.local","name":"Hubot","msg":"hubot-redis-brain: Discovered redis from REDIS_URL environment variable"}
